{"name": "test_param_year", "status": "failed", "statusDetails": {"message": "AssertionError: Actual result not equal expected", "trace": "self = <tests.test_functional.TestCases object at 0x000001CF44FE8AF0>, set_up = None\n\n    @pytest.mark.development\n    @allure.description(\"Check validation param - 'year'\")\n    def test_param_year(self, set_up):\n        \"\"\"\n        Проверка валидации поля - year, значение не должно быть строкой\n        - Тесткейс id: 14\n        \"\"\"\n        result_post = Library_api.create_new_book(variables.json_with_str_year)  # негативный тест\n        year = result_post.json().get(\"book\")[\"year\"]\n>       Checking.check_name_value(type(year), int)\n\ntests\\test_functional.py:84: \n_ _ _ _ _ _ _ _ _ _ _ _ _ _ _ _ _ _ _ _ _ _ _ _ _ _ _ _ _ _ _ _ _ _ _ _ _ _ _ _ _ _ _ _ _ _ _ _ _ _ _ _ _ _ _ _ _ _ _ _ _ _ _ _ _ _ _ _ _ _ _ _ _ _ _ _ _ _ _ _ _ _ _ _ _ _ _ _ _ _ _ _\n\nactual_value = <class 'str'>, expected_value = <class 'int'>\n\n    @staticmethod\n    def check_name_value(actual_value, expected_value):\n        \"\"\"Метод для проверки значений обязательных полей в ответах запроса\"\"\"\n    \n>       assert actual_value == expected_value, \"Actual result not equal expected\"\nE       AssertionError: Actual result not equal expected\n\nutils\\checking.py:35: AssertionError"}, "description": "Check validation param - 'year'", "steps": [{"name": "POST", "status": "passed", "start": 1675620075534, "stop": 1675620075536}], "attachments": [{"name": "stdout", "source": "53ee96da-512e-418d-a9f8-bc4438b17a8c-attachment.txt", "type": "text/plain"}], "start": 1675620075533, "stop": 1675620075536, "uuid": "9e63bec8-c0bb-43a6-86d9-3c3f96736a6e", "historyId": "4b4587e14735344dde51f165fbf5e8da", "testCaseId": "43f68ea29dfcdc727347d5746601ff12", "fullName": "tests.test_functional.TestCases#test_param_year", "labels": [{"name": "epic", "value": "Check some functional"}, {"name": "tag", "value": "development"}, {"name": "parentSuite", "value": "tests"}, {"name": "suite", "value": "test_functional"}, {"name": "subSuite", "value": "TestCases"}, {"name": "host", "value": "LAPTOP-LROB3NJ0"}, {"name": "thread", "value": "12048-MainThread"}, {"name": "framework", "value": "pytest"}, {"name": "language", "value": "cpython3"}, {"name": "package", "value": "tests.test_functional"}]}